# JRE version: Java(TM) SE Runtime Environment (11.0.4+10) (build 11.0.4+10-LTS)
# Java VM: Java HotSpot(TM) 64-Bit Server VM (11.0.4+10-LTS, mixed mode, tiered, compressed oops, g1 gc, windows-amd64)
Heap:
 garbage-first heap   total 189440K, used 110193K [0x0000000081200000, 0x0000000100000000)
  region size 1024K, 69 young (70656K), 10 survivors (10240K)
 Metaspace       used 76401K, capacity 78424K, committed 78628K, reserved 1118208K
  class space    used 9985K, capacity 10769K, committed 10880K, reserved 1048576K
GC Heap History (10 events):
Event: 22.823 GC heap before
{Heap before GC invocations=14 (full 0):
 garbage-first heap   total 157696K, used 119296K [0x0000000081200000, 0x0000000100000000)
  region size 1024K, 92 young (94208K), 7 survivors (7168K)
 Metaspace       used 42841K, capacity 44198K, committed 44464K, reserved 1087488K
  class space    used 5286K, capacity 5829K, committed 5888K, reserved 1048576K
}
Event: 22.852 GC heap after
{Heap after GC invocations=15 (full 0):
 garbage-first heap   total 157696K, used 35840K [0x0000000081200000, 0x0000000100000000)
  region size 1024K, 9 young (9216K), 9 survivors (9216K)
 Metaspace       used 42841K, capacity 44198K, committed 44464K, reserved 1087488K
  class space    used 5286K, capacity 5829K, committed 5888K, reserved 1048576K
}
Event: 26.034 GC heap before
{Heap before GC invocations=15 (full 0):
 garbage-first heap   total 157696K, used 120832K [0x0000000081200000, 0x0000000100000000)
  region size 1024K, 92 young (94208K), 9 survivors (9216K)
 Metaspace       used 52314K, capacity 53756K, committed 53936K, reserved 1095680K
  class space    used 6606K, capacity 7137K, committed 7168K, reserved 1048576K
}
Event: 26.055 GC heap after
{Heap after GC invocations=16 (full 0):
 garbage-first heap   total 189440K, used 39820K [0x0000000081200000, 0x0000000100000000)
  region size 1024K, 9 young (9216K), 9 survivors (9216K)
 Metaspace       used 52314K, capacity 53756K, committed 53936K, reserved 1095680K
  class space    used 6606K, capacity 7137K, committed 7168K, reserved 1048576K
}
Event: 27.498 GC heap before
{Heap before GC invocations=16 (full 0):
 garbage-first heap   total 189440K, used 111500K [0x0000000081200000, 0x0000000100000000)
  region size 1024K, 80 young (81920K), 9 survivors (9216K)
 Metaspace       used 58154K, capacity 59667K, committed 59940K, reserved 1101824K
  class space    used 7485K, capacity 8033K, committed 8064K, reserved 1048576K
}
Event: 27.517 GC heap after
{Heap after GC invocations=17 (full 0):
 garbage-first heap   total 189440K, used 41868K [0x0000000081200000, 0x0000000100000000)
  region size 1024K, 9 young (9216K), 9 survivors (9216K)
 Metaspace       used 58154K, capacity 59667K, committed 59940K, reserved 1101824K
  class space    used 7485K, capacity 8033K, committed 8064K, reserved 1048576K
}
Event: 29.828 GC heap before
{Heap before GC invocations=18 (full 0):
 garbage-first heap   total 189440K, used 145292K [0x0000000081200000, 0x0000000100000000)
  region size 1024K, 110 young (112640K), 9 survivors (9216K)
 Metaspace       used 66825K, capacity 68664K, committed 68772K, reserved 1107968K
  class space    used 8739K, capacity 9445K, committed 9472K, reserved 1048576K
}
Event: 29.854 GC heap after
{Heap after GC invocations=19 (full 0):
 garbage-first heap   total 189440K, used 45454K [0x0000000081200000, 0x0000000100000000)
  region size 1024K, 10 young (10240K), 10 survivors (10240K)
 Metaspace       used 66825K, capacity 68664K, committed 68772K, reserved 1107968K
  class space    used 8739K, capacity 9445K, committed 9472K, reserved 1048576K
}
Event: 34.255 GC heap before
{Heap before GC invocations=19 (full 0):
 garbage-first heap   total 189440K, used 148878K [0x0000000081200000, 0x0000000100000000)
  region size 1024K, 111 young (113664K), 10 survivors (10240K)
 Metaspace       used 76131K, capacity 78100K, committed 78244K, reserved 1116160K
  class space    used 9936K, capacity 10683K, committed 10752K, reserved 1048576K
}
Event: 34.289 GC heap after
{Heap after GC invocations=20 (full 0):
 garbage-first heap   total 189440K, used 49777K [0x0000000081200000, 0x0000000100000000)
  region size 1024K, 10 young (10240K), 10 survivors (10240K)
 Metaspace       used 76131K, capacity 78100K, committed 78244K, reserved 1116160K
  class space    used 9936K, capacity 10683K, committed 10752K, reserved 1048576K
}

